TN:
SF:app.js
FN:8,(anonymous_0)
FN:12,(anonymous_1)
FNF:2
FNH:0
FNDA:0,(anonymous_0)
FNDA:0,(anonymous_1)
DA:4,0
DA:6,0
DA:8,0
DA:9,0
DA:12,0
LF:5
LH:0
BRF:0
BRH:0
end_of_record
TN:
SF:coverage\lcov-report\block-navigation.js
FN:2,init
FN:24,toggleClass
FN:31,makeCurrent
FN:41,goToPrevious
FN:52,goToNext
FN:65,jump
FNF:6
FNH:0
FNDA:0,init
FNDA:0,toggleClass
FNDA:0,makeCurrent
FNDA:0,goToPrevious
FNDA:0,goToNext
FNDA:0,jump
DA:2,0
DA:4,0
DA:7,0
DA:10,0
DA:14,0
DA:20,0
DA:25,0
DA:28,0
DA:32,0
DA:33,0
DA:34,0
DA:42,0
DA:43,0
DA:44,0
DA:45,0
DA:46,0
DA:49,0
DA:53,0
DA:55,0
DA:59,0
DA:62,0
DA:65,0
DA:66,0
DA:71,0
DA:74,0
DA:77,0
DA:78,0
DA:82,0
DA:83,0
DA:87,0
LF:30
LH:0
BRDA:43,0,0,0
BRDA:43,0,1,0
BRDA:43,1,0,0
BRDA:43,1,1,0
BRDA:45,2,0,0
BRDA:45,2,1,0
BRDA:55,3,0,0
BRDA:55,3,1,0
BRDA:56,4,0,0
BRDA:56,4,1,0
BRDA:66,5,0,0
BRDA:66,5,1,0
BRDA:67,6,0,0
BRDA:67,6,1,0
BRDA:74,7,0,0
BRDA:74,7,1,0
BRDA:74,7,2,0
BRDA:74,7,3,0
BRDA:74,7,4,0
BRF:19
BRH:0
end_of_record
TN:
SF:coverage\lcov-report\prettify.js
FN:2,(anonymous_0)
FN:2,k
FN:2,ab
FN:2,T
FN:2,X
FN:2,(anonymous_5)
FN:2,W
FN:2,(anonymous_7)
FN:2,a
FN:2,aa
FN:2,B
FN:2,o
FN:2,g
FN:2,(anonymous_13)
FN:2,(anonymous_14)
FN:2,i
FN:2,Q
FN:2,ae
FN:2,ad
FN:2,ai
FN:2,D
FN:2,c
FN:2,q
FN:2,d
FN:2,y
FN:2,b
FN:2,Y
FN:2,(anonymous_27)
FN:2,U
FNF:29
FNH:0
FNDA:0,(anonymous_0)
FNDA:0,k
FNDA:0,ab
FNDA:0,T
FNDA:0,X
FNDA:0,(anonymous_5)
FNDA:0,W
FNDA:0,(anonymous_7)
FNDA:0,a
FNDA:0,aa
FNDA:0,B
FNDA:0,o
FNDA:0,g
FNDA:0,(anonymous_13)
FNDA:0,(anonymous_14)
FNDA:0,i
FNDA:0,Q
FNDA:0,ae
FNDA:0,ad
FNDA:0,ai
FNDA:0,D
FNDA:0,c
FNDA:0,q
FNDA:0,d
FNDA:0,y
FNDA:0,b
FNDA:0,Y
FNDA:0,(anonymous_27)
FNDA:0,U
DA:2,0
LF:1
LH:0
BRDA:2,0,0,0
BRDA:2,0,1,0
BRDA:2,1,0,0
BRDA:2,1,1,0
BRDA:2,2,0,0
BRDA:2,2,1,0
BRDA:2,3,0,0
BRDA:2,3,1,0
BRDA:2,4,0,0
BRDA:2,4,1,0
BRDA:2,5,0,0
BRDA:2,5,1,0
BRDA:2,6,0,0
BRDA:2,6,1,0
BRDA:2,7,0,0
BRDA:2,7,1,0
BRDA:2,8,0,0
BRDA:2,8,1,0
BRDA:2,9,0,0
BRDA:2,9,1,0
BRDA:2,10,0,0
BRDA:2,10,1,0
BRDA:2,11,0,0
BRDA:2,11,1,0
BRDA:2,11,2,0
BRDA:2,11,3,0
BRDA:2,12,0,0
BRDA:2,12,1,0
BRDA:2,13,0,0
BRDA:2,13,1,0
BRDA:2,14,0,0
BRDA:2,14,1,0
BRDA:2,15,0,0
BRDA:2,15,1,0
BRDA:2,16,0,0
BRDA:2,16,1,0
BRDA:2,17,0,0
BRDA:2,17,1,0
BRDA:2,18,0,0
BRDA:2,18,1,0
BRDA:2,19,0,0
BRDA:2,19,1,0
BRDA:2,20,0,0
BRDA:2,20,1,0
BRDA:2,21,0,0
BRDA:2,21,1,0
BRDA:2,22,0,0
BRDA:2,22,1,0
BRDA:2,23,0,0
BRDA:2,23,1,0
BRDA:2,24,0,0
BRDA:2,24,1,0
BRDA:2,25,0,0
BRDA:2,25,1,0
BRDA:2,26,0,0
BRDA:2,26,1,0
BRDA:2,27,0,0
BRDA:2,27,1,0
BRDA:2,28,0,0
BRDA:2,28,1,0
BRDA:2,29,0,0
BRDA:2,29,1,0
BRDA:2,30,0,0
BRDA:2,30,1,0
BRDA:2,31,0,0
BRDA:2,31,1,0
BRDA:2,32,0,0
BRDA:2,32,1,0
BRDA:2,33,0,0
BRDA:2,33,1,0
BRDA:2,34,0,0
BRDA:2,34,1,0
BRDA:2,35,0,0
BRDA:2,35,1,0
BRDA:2,36,0,0
BRDA:2,36,1,0
BRDA:2,37,0,0
BRDA:2,37,1,0
BRDA:2,38,0,0
BRDA:2,38,1,0
BRDA:2,39,0,0
BRDA:2,39,1,0
BRDA:2,40,0,0
BRDA:2,40,1,0
BRDA:2,41,0,0
BRDA:2,41,1,0
BRDA:2,42,0,0
BRDA:2,42,1,0
BRDA:2,43,0,0
BRDA:2,43,1,0
BRDA:2,44,0,0
BRDA:2,44,1,0
BRDA:2,45,0,0
BRDA:2,45,1,0
BRDA:2,46,0,0
BRDA:2,46,1,0
BRDA:2,47,0,0
BRDA:2,47,1,0
BRDA:2,48,0,0
BRDA:2,48,1,0
BRDA:2,49,0,0
BRDA:2,49,1,0
BRDA:2,50,0,0
BRDA:2,50,1,0
BRDA:2,50,2,0
BRDA:2,51,0,0
BRDA:2,51,1,0
BRDA:2,52,0,0
BRDA:2,52,1,0
BRDA:2,53,0,0
BRDA:2,53,1,0
BRDA:2,54,0,0
BRDA:2,54,1,0
BRDA:2,55,0,0
BRDA:2,55,1,0
BRDA:2,56,0,0
BRDA:2,56,1,0
BRDA:2,57,0,0
BRDA:2,57,1,0
BRDA:2,58,0,0
BRDA:2,58,1,0
BRDA:2,59,0,0
BRDA:2,59,1,0
BRDA:2,60,0,0
BRDA:2,60,1,0
BRDA:2,61,0,0
BRDA:2,61,1,0
BRDA:2,62,0,0
BRDA:2,62,1,0
BRDA:2,63,0,0
BRDA:2,63,1,0
BRDA:2,64,0,0
BRDA:2,64,1,0
BRDA:2,65,0,0
BRDA:2,65,1,0
BRDA:2,66,0,0
BRDA:2,66,1,0
BRDA:2,67,0,0
BRDA:2,67,1,0
BRDA:2,68,0,0
BRDA:2,68,1,0
BRDA:2,69,0,0
BRDA:2,69,1,0
BRDA:2,70,0,0
BRDA:2,70,1,0
BRDA:2,71,0,0
BRDA:2,71,1,0
BRDA:2,72,0,0
BRDA:2,72,1,0
BRDA:2,73,0,0
BRDA:2,73,1,0
BRDA:2,74,0,0
BRDA:2,74,1,0
BRDA:2,75,0,0
BRDA:2,75,1,0
BRDA:2,76,0,0
BRDA:2,76,1,0
BRDA:2,77,0,0
BRDA:2,77,1,0
BRDA:2,78,0,0
BRDA:2,78,1,0
BRDA:2,79,0,0
BRDA:2,79,1,0
BRDA:2,80,0,0
BRDA:2,80,1,0
BRDA:2,81,0,0
BRDA:2,81,1,0
BRDA:2,82,0,0
BRDA:2,82,1,0
BRDA:2,83,0,0
BRDA:2,83,1,0
BRDA:2,84,0,0
BRDA:2,84,1,0
BRDA:2,85,0,0
BRDA:2,85,1,0
BRDA:2,86,0,0
BRDA:2,86,1,0
BRDA:2,87,0,0
BRDA:2,87,1,0
BRDA:2,88,0,0
BRDA:2,88,1,0
BRDA:2,89,0,0
BRDA:2,89,1,0
BRDA:2,89,2,0
BRDA:2,90,0,0
BRDA:2,90,1,0
BRDA:2,91,0,0
BRDA:2,91,1,0
BRDA:2,92,0,0
BRDA:2,92,1,0
BRDA:2,93,0,0
BRDA:2,93,1,0
BRDA:2,94,0,0
BRDA:2,94,1,0
BRDA:2,95,0,0
BRDA:2,95,1,0
BRDA:2,96,0,0
BRDA:2,96,1,0
BRDA:2,97,0,0
BRDA:2,97,1,0
BRDA:2,98,0,0
BRDA:2,98,1,0
BRDA:2,99,0,0
BRDA:2,99,1,0
BRDA:2,100,0,0
BRDA:2,100,1,0
BRDA:2,101,0,0
BRDA:2,101,1,0
BRDA:2,102,0,0
BRDA:2,102,1,0
BRDA:2,103,0,0
BRDA:2,103,1,0
BRDA:2,104,0,0
BRDA:2,104,1,0
BRDA:2,105,0,0
BRDA:2,105,1,0
BRDA:2,106,0,0
BRDA:2,106,1,0
BRDA:2,107,0,0
BRDA:2,107,1,0
BRDA:2,108,0,0
BRDA:2,108,1,0
BRDA:2,109,0,0
BRDA:2,109,1,0
BRDA:2,110,0,0
BRDA:2,110,1,0
BRDA:2,111,0,0
BRDA:2,111,1,0
BRDA:2,112,0,0
BRDA:2,112,1,0
BRDA:2,113,0,0
BRDA:2,113,1,0
BRDA:2,114,0,0
BRDA:2,114,1,0
BRDA:2,115,0,0
BRDA:2,115,1,0
BRDA:2,116,0,0
BRDA:2,116,1,0
BRDA:2,117,0,0
BRDA:2,117,1,0
BRDA:2,118,0,0
BRDA:2,118,1,0
BRDA:2,119,0,0
BRDA:2,119,1,0
BRDA:2,120,0,0
BRDA:2,120,1,0
BRDA:2,121,0,0
BRDA:2,121,1,0
BRDA:2,122,0,0
BRDA:2,122,1,0
BRDA:2,123,0,0
BRDA:2,123,1,0
BRDA:2,124,0,0
BRDA:2,124,1,0
BRDA:2,125,0,0
BRDA:2,125,1,0
BRDA:2,126,0,0
BRDA:2,126,1,0
BRDA:2,127,0,0
BRDA:2,127,1,0
BRDA:2,128,0,0
BRDA:2,128,1,0
BRDA:2,128,2,0
BRDA:2,129,0,0
BRDA:2,129,1,0
BRDA:2,130,0,0
BRDA:2,130,1,0
BRDA:2,131,0,0
BRDA:2,131,1,0
BRDA:2,131,2,0
BRDA:2,131,3,0
BRDA:2,131,4,0
BRDA:2,132,0,0
BRDA:2,132,1,0
BRDA:2,133,0,0
BRDA:2,133,1,0
BRDA:2,134,0,0
BRDA:2,134,1,0
BRDA:2,135,0,0
BRDA:2,135,1,0
BRDA:2,136,0,0
BRDA:2,136,1,0
BRDA:2,137,0,0
BRDA:2,137,1,0
BRDA:2,138,0,0
BRDA:2,138,1,0
BRF:286
BRH:0
end_of_record
TN:
SF:coverage\lcov-report\sorter.js
FN:2,(anonymous_0)
FN:11,getTable
FN:15,getTableHeader
FN:19,getTableBody
FN:23,getNthColumn
FN:27,onFilterInput
FN:45,addSearchBox
FN:53,loadColumns
FN:78,loadRowData
FN:97,loadData
FN:106,sortByIndex
FN:108,(anonymous_11)
FN:120,(anonymous_12)
FN:137,removeSortIndicators
FN:145,addSortIndicators
FN:151,enableUI
FN:154,ithSorter
FN:157,(anonymous_17)
FN:184,(anonymous_18)
FNF:19
FNH:0
FNDA:0,(anonymous_0)
FNDA:0,getTable
FNDA:0,getTableHeader
FNDA:0,getTableBody
FNDA:0,getNthColumn
FNDA:0,onFilterInput
FNDA:0,addSearchBox
FNDA:0,loadColumns
FNDA:0,loadRowData
FNDA:0,loadData
FNDA:0,sortByIndex
FNDA:0,(anonymous_11)
FNDA:0,(anonymous_12)
FNDA:0,removeSortIndicators
FNDA:0,addSortIndicators
FNDA:0,enableUI
FNDA:0,ithSorter
FNDA:0,(anonymous_17)
FNDA:0,(anonymous_18)
DA:2,0
DA:5,0
DA:12,0
DA:16,0
DA:20,0
DA:24,0
DA:28,0
DA:29,0
DA:30,0
DA:31,0
DA:32,0
DA:37,0
DA:39,0
DA:46,0
DA:47,0
DA:48,0
DA:49,0
DA:54,0
DA:56,0
DA:60,0
DA:61,0
DA:62,0
DA:67,0
DA:68,0
DA:69,0
DA:70,0
DA:74,0
DA:79,0
DA:82,0
DA:85,0
DA:86,0
DA:87,0
DA:88,0
DA:89,0
DA:90,0
DA:92,0
DA:94,0
DA:98,0
DA:101,0
DA:102,0
DA:107,0
DA:108,0
DA:109,0
DA:110,0
DA:111,0
DA:113,0
DA:114,0
DA:115,0
DA:116,0
DA:119,0
DA:120,0
DA:121,0
DA:125,0
DA:126,0
DA:127,0
DA:130,0
DA:132,0
DA:133,0
DA:138,0
DA:139,0
DA:141,0
DA:142,0
DA:146,0
DA:154,0
DA:155,0
DA:157,0
DA:158,0
DA:160,0
DA:161,0
DA:163,0
DA:164,0
DA:165,0
DA:166,0
DA:167,0
DA:170,0
DA:171,0
DA:174,0
DA:175,0
DA:176,0
DA:178,0
DA:184,0
DA:185,0
DA:186,0
DA:188,0
DA:189,0
DA:190,0
DA:191,0
DA:192,0
DA:196,0
LF:89
LH:0
BRDA:32,0,0,0
BRDA:32,0,1,0
BRDA:65,1,0,0
BRDA:65,1,1,0
BRDA:68,2,0,0
BRDA:68,2,1,0
BRDA:89,3,0,0
BRDA:89,3,1,0
BRDA:111,4,0,0
BRDA:111,4,1,0
BRDA:111,5,0,0
BRDA:111,5,1,0
BRDA:119,6,0,0
BRDA:119,6,1,0
BRDA:146,7,0,0
BRDA:146,7,1,0
BRDA:160,8,0,0
BRDA:160,8,1,0
BRDA:171,9,0,0
BRDA:171,9,1,0
BRDA:175,10,0,0
BRDA:175,10,1,0
BRDA:185,11,0,0
BRDA:185,11,1,0
BRF:24
BRH:0
end_of_record
TN:
SF:dist\database.js
FN:9,_interopRequireDefault
FNF:1
FNH:0
FNDA:0,_interopRequireDefault
DA:3,0
DA:6,0
DA:7,0
DA:8,0
DA:9,0
DA:10,0
DA:11,0
DA:18,0
DA:19,0
DA:20,0
DA:21,0
LF:11
LH:0
BRDA:9,0,0,0
BRDA:9,0,1,0
BRDA:9,1,0,0
BRDA:9,1,1,0
BRF:4
BRH:0
end_of_record
TN:
SF:dist\controllers\commandes.controller.js
FN:3,_typeof
FN:3,(anonymous_1)
FN:3,(anonymous_2)
FN:10,_interopRequireDefault
FN:11,_regeneratorRuntime
FN:11,_regeneratorRuntime
FN:11,(anonymous_6)
FN:11,define
FN:11,define
FN:11,wrap
FN:11,tryCatch
FN:11,Generator
FN:11,GeneratorFunction
FN:11,GeneratorFunctionPrototype
FN:11,(anonymous_14)
FN:11,defineIteratorMethods
FN:11,(anonymous_16)
FN:11,(anonymous_17)
FN:11,AsyncIterator
FN:11,invoke
FN:11,(anonymous_20)
FN:11,(anonymous_21)
FN:11,(anonymous_22)
FN:11,(anonymous_23)
FN:11,value
FN:11,callInvokeWithMethodAndArg
FN:11,(anonymous_26)
FN:11,makeInvokeMethod
FN:11,(anonymous_28)
FN:11,maybeInvokeDelegate
FN:11,pushTryEntry
FN:11,resetTryEntry
FN:11,Context
FN:11,values
FN:11,next
FN:11,doneResult
FN:11,(anonymous_36)
FN:11,(anonymous_37)
FN:11,(anonymous_38)
FN:11,(anonymous_39)
FN:11,(anonymous_40)
FN:11,(anonymous_41)
FN:11,(anonymous_42)
FN:11,(anonymous_43)
FN:11,(anonymous_44)
FN:11,next
FN:11,reset
FN:11,stop
FN:11,dispatchException
FN:11,handle
FN:11,abrupt
FN:11,complete
FN:11,finish
FN:11,_catch
FN:11,delegateYield
FN:12,asyncGeneratorStep
FN:13,_asyncToGenerator
FN:13,(anonymous_57)
FN:13,(anonymous_58)
FN:13,_next
FN:13,_throw
FN:17,(anonymous_61)
FN:18,_callee
FN:20,_callee$
FN:40,getCustomerOrders
FN:45,(anonymous_65)
FN:46,_callee2
FN:47,_callee2$
FN:62,test
FNF:69
FNH:0
FNDA:0,_typeof
FNDA:0,(anonymous_1)
FNDA:0,(anonymous_2)
FNDA:0,_interopRequireDefault
FNDA:0,_regeneratorRuntime
FNDA:0,_regeneratorRuntime
FNDA:0,(anonymous_6)
FNDA:0,define
FNDA:0,define
FNDA:0,wrap
FNDA:0,tryCatch
FNDA:0,Generator
FNDA:0,GeneratorFunction
FNDA:0,GeneratorFunctionPrototype
FNDA:0,(anonymous_14)
FNDA:0,defineIteratorMethods
FNDA:0,(anonymous_16)
FNDA:0,(anonymous_17)
FNDA:0,AsyncIterator
FNDA:0,invoke
FNDA:0,(anonymous_20)
FNDA:0,(anonymous_21)
FNDA:0,(anonymous_22)
FNDA:0,(anonymous_23)
FNDA:0,value
FNDA:0,callInvokeWithMethodAndArg
FNDA:0,(anonymous_26)
FNDA:0,makeInvokeMethod
FNDA:0,(anonymous_28)
FNDA:0,maybeInvokeDelegate
FNDA:0,pushTryEntry
FNDA:0,resetTryEntry
FNDA:0,Context
FNDA:0,values
FNDA:0,next
FNDA:0,doneResult
FNDA:0,(anonymous_36)
FNDA:0,(anonymous_37)
FNDA:0,(anonymous_38)
FNDA:0,(anonymous_39)
FNDA:0,(anonymous_40)
FNDA:0,(anonymous_41)
FNDA:0,(anonymous_42)
FNDA:0,(anonymous_43)
FNDA:0,(anonymous_44)
FNDA:0,next
FNDA:0,reset
FNDA:0,stop
FNDA:0,dispatchException
FNDA:0,handle
FNDA:0,abrupt
FNDA:0,complete
FNDA:0,finish
FNDA:0,_catch
FNDA:0,delegateYield
FNDA:0,asyncGeneratorStep
FNDA:0,_asyncToGenerator
FNDA:0,(anonymous_57)
FNDA:0,(anonymous_58)
FNDA:0,_next
FNDA:0,_throw
FNDA:0,(anonymous_61)
FNDA:0,_callee
FNDA:0,_callee$
FNDA:0,getCustomerOrders
FNDA:0,(anonymous_65)
FNDA:0,_callee2
FNDA:0,_callee2$
FNDA:0,test
DA:3,0
DA:4,0
DA:7,0
DA:8,0
DA:9,0
DA:10,0
DA:11,0
DA:12,0
DA:13,0
DA:14,0
DA:17,0
DA:18,0
DA:20,0
DA:21,0
DA:23,0
DA:24,0
DA:25,0
DA:27,0
DA:28,0
DA:29,0
DA:31,0
DA:32,0
DA:33,0
DA:36,0
DA:40,0
DA:41,0
DA:44,0
DA:45,0
DA:46,0
DA:47,0
DA:48,0
DA:50,0
DA:51,0
DA:53,0
DA:54,0
DA:55,0
DA:58,0
DA:62,0
DA:63,0
DA:66,0
DA:67,0
DA:70,0
LF:42
LH:0
BRDA:3,0,0,0
BRDA:3,0,1,0
BRDA:3,1,0,0
BRDA:3,1,1,0
BRDA:3,2,0,0
BRDA:3,2,1,0
BRDA:3,3,0,0
BRDA:3,3,1,0
BRDA:3,3,2,0
BRDA:3,3,3,0
BRDA:10,4,0,0
BRDA:10,4,1,0
BRDA:10,5,0,0
BRDA:10,5,1,0
BRDA:11,6,0,0
BRDA:11,6,1,0
BRDA:11,7,0,0
BRDA:11,7,1,0
BRDA:11,8,0,0
BRDA:11,8,1,0
BRDA:11,9,0,0
BRDA:11,9,1,0
BRDA:11,10,0,0
BRDA:11,10,1,0
BRDA:11,11,0,0
BRDA:11,11,1,0
BRDA:11,12,0,0
BRDA:11,12,1,0
BRDA:11,13,0,0
BRDA:11,13,1,0
BRDA:11,14,0,0
BRDA:11,14,1,0
BRDA:11,15,0,0
BRDA:11,15,1,0
BRDA:11,15,2,0
BRDA:11,15,3,0
BRDA:11,16,0,0
BRDA:11,16,1,0
BRDA:11,17,0,0
BRDA:11,17,1,0
BRDA:11,18,0,0
BRDA:11,18,1,0
BRDA:11,18,2,0
BRDA:11,19,0,0
BRDA:11,19,1,0
BRDA:11,20,0,0
BRDA:11,20,1,0
BRDA:11,21,0,0
BRDA:11,21,1,0
BRDA:11,22,0,0
BRDA:11,22,1,0
BRDA:11,23,0,0
BRDA:11,23,1,0
BRDA:11,24,0,0
BRDA:11,24,1,0
BRDA:11,25,0,0
BRDA:11,25,1,0
BRDA:11,26,0,0
BRDA:11,26,1,0
BRDA:11,27,0,0
BRDA:11,27,1,0
BRDA:11,28,0,0
BRDA:11,28,1,0
BRDA:11,29,0,0
BRDA:11,29,1,0
BRDA:11,30,0,0
BRDA:11,30,1,0
BRDA:11,31,0,0
BRDA:11,31,1,0
BRDA:11,32,0,0
BRDA:11,32,1,0
BRDA:11,33,0,0
BRDA:11,33,1,0
BRDA:11,34,0,0
BRDA:11,34,1,0
BRDA:11,35,0,0
BRDA:11,35,1,0
BRDA:11,35,2,0
BRDA:11,35,3,0
BRDA:11,35,4,0
BRDA:11,36,0,0
BRDA:11,36,1,0
BRDA:11,37,0,0
BRDA:11,37,1,0
BRDA:11,38,0,0
BRDA:11,38,1,0
BRDA:11,39,0,0
BRDA:11,39,1,0
BRDA:11,40,0,0
BRDA:11,40,1,0
BRDA:11,41,0,0
BRDA:11,41,1,0
BRDA:11,42,0,0
BRDA:11,42,1,0
BRDA:11,43,0,0
BRDA:11,43,1,0
BRDA:11,44,0,0
BRDA:11,44,1,0
BRDA:11,45,0,0
BRDA:11,45,1,0
BRDA:11,46,0,0
BRDA:11,46,1,0
BRDA:11,47,0,0
BRDA:11,47,1,0
BRDA:11,48,0,0
BRDA:11,48,1,0
BRDA:11,49,0,0
BRDA:11,49,1,0
BRDA:11,49,2,0
BRDA:11,50,0,0
BRDA:11,50,1,0
BRDA:11,51,0,0
BRDA:11,51,1,0
BRDA:11,52,0,0
BRDA:11,52,1,0
BRDA:11,53,0,0
BRDA:11,53,1,0
BRDA:11,54,0,0
BRDA:11,54,1,0
BRDA:11,55,0,0
BRDA:11,55,1,0
BRDA:11,56,0,0
BRDA:11,56,1,0
BRDA:11,57,0,0
BRDA:11,57,1,0
BRDA:11,57,2,0
BRDA:11,57,3,0
BRDA:11,58,0,0
BRDA:11,58,1,0
BRDA:11,59,0,0
BRDA:11,59,1,0
BRDA:11,60,0,0
BRDA:11,60,1,0
BRDA:11,61,0,0
BRDA:11,61,1,0
BRDA:11,62,0,0
BRDA:11,62,1,0
BRDA:11,63,0,0
BRDA:11,63,1,0
BRDA:11,64,0,0
BRDA:11,64,1,0
BRDA:11,65,0,0
BRDA:11,65,1,0
BRDA:11,66,0,0
BRDA:11,66,1,0
BRDA:11,67,0,0
BRDA:11,67,1,0
BRDA:11,68,0,0
BRDA:11,68,1,0
BRDA:11,69,0,0
BRDA:11,69,1,0
BRDA:11,70,0,0
BRDA:11,70,1,0
BRDA:11,71,0,0
BRDA:11,71,1,0
BRDA:11,72,0,0
BRDA:11,72,1,0
BRDA:11,72,2,0
BRDA:11,73,0,0
BRDA:11,73,1,0
BRDA:11,73,2,0
BRDA:11,73,3,0
BRDA:11,73,4,0
BRDA:11,73,5,0
BRDA:11,74,0,0
BRDA:11,74,1,0
BRDA:11,75,0,0
BRDA:11,75,1,0
BRDA:11,76,0,0
BRDA:11,76,1,0
BRDA:11,77,0,0
BRDA:11,77,1,0
BRDA:11,78,0,0
BRDA:11,78,1,0
BRDA:11,79,0,0
BRDA:11,79,1,0
BRDA:11,80,0,0
BRDA:11,80,1,0
BRDA:11,80,2,0
BRDA:11,81,0,0
BRDA:11,81,1,0
BRDA:11,82,0,0
BRDA:11,82,1,0
BRDA:11,83,0,0
BRDA:11,83,1,0
BRDA:11,84,0,0
BRDA:11,84,1,0
BRDA:12,85,0,0
BRDA:12,85,1,0
BRDA:21,86,0,0
BRDA:21,86,1,0
BRDA:21,86,2,0
BRDA:21,86,3,0
BRDA:21,86,4,0
BRDA:48,87,0,0
BRDA:48,87,1,0
BRDA:48,87,2,0
BRDA:48,87,3,0
BRF:198
BRH:0
end_of_record
TN:
SF:dist\controllers\produits.controller.js
FN:3,_typeof
FN:3,(anonymous_1)
FN:3,(anonymous_2)
FN:10,_interopRequireDefault
FN:11,_regeneratorRuntime
FN:11,_regeneratorRuntime
FN:11,(anonymous_6)
FN:11,define
FN:11,define
FN:11,wrap
FN:11,tryCatch
FN:11,Generator
FN:11,GeneratorFunction
FN:11,GeneratorFunctionPrototype
FN:11,(anonymous_14)
FN:11,defineIteratorMethods
FN:11,(anonymous_16)
FN:11,(anonymous_17)
FN:11,AsyncIterator
FN:11,invoke
FN:11,(anonymous_20)
FN:11,(anonymous_21)
FN:11,(anonymous_22)
FN:11,(anonymous_23)
FN:11,value
FN:11,callInvokeWithMethodAndArg
FN:11,(anonymous_26)
FN:11,makeInvokeMethod
FN:11,(anonymous_28)
FN:11,maybeInvokeDelegate
FN:11,pushTryEntry
FN:11,resetTryEntry
FN:11,Context
FN:11,values
FN:11,next
FN:11,doneResult
FN:11,(anonymous_36)
FN:11,(anonymous_37)
FN:11,(anonymous_38)
FN:11,(anonymous_39)
FN:11,(anonymous_40)
FN:11,(anonymous_41)
FN:11,(anonymous_42)
FN:11,(anonymous_43)
FN:11,(anonymous_44)
FN:11,next
FN:11,reset
FN:11,stop
FN:11,dispatchException
FN:11,handle
FN:11,abrupt
FN:11,complete
FN:11,finish
FN:11,_catch
FN:11,delegateYield
FN:12,asyncGeneratorStep
FN:13,_asyncToGenerator
FN:13,(anonymous_57)
FN:13,(anonymous_58)
FN:13,_next
FN:13,_throw
FN:19,(anonymous_61)
FN:20,_callee
FN:22,_callee$
FN:42,getAllProducts
FN:50,(anonymous_65)
FN:51,_callee2
FN:53,_callee2$
FN:73,getProductById
FN:80,(anonymous_69)
FN:81,_callee3
FN:83,_callee3$
FN:103,getOrderProducts
FN:108,(anonymous_73)
FN:109,_callee4
FN:110,_callee4$
FN:125,test
FNF:77
FNH:0
FNDA:0,_typeof
FNDA:0,(anonymous_1)
FNDA:0,(anonymous_2)
FNDA:0,_interopRequireDefault
FNDA:0,_regeneratorRuntime
FNDA:0,_regeneratorRuntime
FNDA:0,(anonymous_6)
FNDA:0,define
FNDA:0,define
FNDA:0,wrap
FNDA:0,tryCatch
FNDA:0,Generator
FNDA:0,GeneratorFunction
FNDA:0,GeneratorFunctionPrototype
FNDA:0,(anonymous_14)
FNDA:0,defineIteratorMethods
FNDA:0,(anonymous_16)
FNDA:0,(anonymous_17)
FNDA:0,AsyncIterator
FNDA:0,invoke
FNDA:0,(anonymous_20)
FNDA:0,(anonymous_21)
FNDA:0,(anonymous_22)
FNDA:0,(anonymous_23)
FNDA:0,value
FNDA:0,callInvokeWithMethodAndArg
FNDA:0,(anonymous_26)
FNDA:0,makeInvokeMethod
FNDA:0,(anonymous_28)
FNDA:0,maybeInvokeDelegate
FNDA:0,pushTryEntry
FNDA:0,resetTryEntry
FNDA:0,Context
FNDA:0,values
FNDA:0,next
FNDA:0,doneResult
FNDA:0,(anonymous_36)
FNDA:0,(anonymous_37)
FNDA:0,(anonymous_38)
FNDA:0,(anonymous_39)
FNDA:0,(anonymous_40)
FNDA:0,(anonymous_41)
FNDA:0,(anonymous_42)
FNDA:0,(anonymous_43)
FNDA:0,(anonymous_44)
FNDA:0,next
FNDA:0,reset
FNDA:0,stop
FNDA:0,dispatchException
FNDA:0,handle
FNDA:0,abrupt
FNDA:0,complete
FNDA:0,finish
FNDA:0,_catch
FNDA:0,delegateYield
FNDA:0,asyncGeneratorStep
FNDA:0,_asyncToGenerator
FNDA:0,(anonymous_57)
FNDA:0,(anonymous_58)
FNDA:0,_next
FNDA:0,_throw
FNDA:0,(anonymous_61)
FNDA:0,_callee
FNDA:0,_callee$
FNDA:0,getAllProducts
FNDA:0,(anonymous_65)
FNDA:0,_callee2
FNDA:0,_callee2$
FNDA:0,getProductById
FNDA:0,(anonymous_69)
FNDA:0,_callee3
FNDA:0,_callee3$
FNDA:0,getOrderProducts
FNDA:0,(anonymous_73)
FNDA:0,_callee4
FNDA:0,_callee4$
FNDA:0,test
DA:3,0
DA:4,0
DA:7,0
DA:8,0
DA:9,0
DA:10,0
DA:11,0
DA:12,0
DA:13,0
DA:14,0
DA:19,0
DA:20,0
DA:22,0
DA:23,0
DA:25,0
DA:26,0
DA:27,0
DA:29,0
DA:30,0
DA:31,0
DA:33,0
DA:34,0
DA:35,0
DA:38,0
DA:42,0
DA:43,0
DA:49,0
DA:50,0
DA:51,0
DA:53,0
DA:54,0
DA:56,0
DA:57,0
DA:58,0
DA:60,0
DA:61,0
DA:62,0
DA:64,0
DA:65,0
DA:66,0
DA:69,0
DA:73,0
DA:74,0
DA:79,0
DA:80,0
DA:81,0
DA:83,0
DA:84,0
DA:86,0
DA:87,0
DA:88,0
DA:90,0
DA:91,0
DA:92,0
DA:94,0
DA:95,0
DA:96,0
DA:99,0
DA:103,0
DA:104,0
DA:107,0
DA:108,0
DA:109,0
DA:110,0
DA:111,0
DA:113,0
DA:114,0
DA:116,0
DA:117,0
DA:118,0
DA:121,0
DA:125,0
DA:126,0
DA:129,0
LF:74
LH:0
BRDA:3,0,0,0
BRDA:3,0,1,0
BRDA:3,1,0,0
BRDA:3,1,1,0
BRDA:3,2,0,0
BRDA:3,2,1,0
BRDA:3,3,0,0
BRDA:3,3,1,0
BRDA:3,3,2,0
BRDA:3,3,3,0
BRDA:10,4,0,0
BRDA:10,4,1,0
BRDA:10,5,0,0
BRDA:10,5,1,0
BRDA:11,6,0,0
BRDA:11,6,1,0
BRDA:11,7,0,0
BRDA:11,7,1,0
BRDA:11,8,0,0
BRDA:11,8,1,0
BRDA:11,9,0,0
BRDA:11,9,1,0
BRDA:11,10,0,0
BRDA:11,10,1,0
BRDA:11,11,0,0
BRDA:11,11,1,0
BRDA:11,12,0,0
BRDA:11,12,1,0
BRDA:11,13,0,0
BRDA:11,13,1,0
BRDA:11,14,0,0
BRDA:11,14,1,0
BRDA:11,15,0,0
BRDA:11,15,1,0
BRDA:11,15,2,0
BRDA:11,15,3,0
BRDA:11,16,0,0
BRDA:11,16,1,0
BRDA:11,17,0,0
BRDA:11,17,1,0
BRDA:11,18,0,0
BRDA:11,18,1,0
BRDA:11,18,2,0
BRDA:11,19,0,0
BRDA:11,19,1,0
BRDA:11,20,0,0
BRDA:11,20,1,0
BRDA:11,21,0,0
BRDA:11,21,1,0
BRDA:11,22,0,0
BRDA:11,22,1,0
BRDA:11,23,0,0
BRDA:11,23,1,0
BRDA:11,24,0,0
BRDA:11,24,1,0
BRDA:11,25,0,0
BRDA:11,25,1,0
BRDA:11,26,0,0
BRDA:11,26,1,0
BRDA:11,27,0,0
BRDA:11,27,1,0
BRDA:11,28,0,0
BRDA:11,28,1,0
BRDA:11,29,0,0
BRDA:11,29,1,0
BRDA:11,30,0,0
BRDA:11,30,1,0
BRDA:11,31,0,0
BRDA:11,31,1,0
BRDA:11,32,0,0
BRDA:11,32,1,0
BRDA:11,33,0,0
BRDA:11,33,1,0
BRDA:11,34,0,0
BRDA:11,34,1,0
BRDA:11,35,0,0
BRDA:11,35,1,0
BRDA:11,35,2,0
BRDA:11,35,3,0
BRDA:11,35,4,0
BRDA:11,36,0,0
BRDA:11,36,1,0
BRDA:11,37,0,0
BRDA:11,37,1,0
BRDA:11,38,0,0
BRDA:11,38,1,0
BRDA:11,39,0,0
BRDA:11,39,1,0
BRDA:11,40,0,0
BRDA:11,40,1,0
BRDA:11,41,0,0
BRDA:11,41,1,0
BRDA:11,42,0,0
BRDA:11,42,1,0
BRDA:11,43,0,0
BRDA:11,43,1,0
BRDA:11,44,0,0
BRDA:11,44,1,0
BRDA:11,45,0,0
BRDA:11,45,1,0
BRDA:11,46,0,0
BRDA:11,46,1,0
BRDA:11,47,0,0
BRDA:11,47,1,0
BRDA:11,48,0,0
BRDA:11,48,1,0
BRDA:11,49,0,0
BRDA:11,49,1,0
BRDA:11,49,2,0
BRDA:11,50,0,0
BRDA:11,50,1,0
BRDA:11,51,0,0
BRDA:11,51,1,0
BRDA:11,52,0,0
BRDA:11,52,1,0
BRDA:11,53,0,0
BRDA:11,53,1,0
BRDA:11,54,0,0
BRDA:11,54,1,0
BRDA:11,55,0,0
BRDA:11,55,1,0
BRDA:11,56,0,0
BRDA:11,56,1,0
BRDA:11,57,0,0
BRDA:11,57,1,0
BRDA:11,57,2,0
BRDA:11,57,3,0
BRDA:11,58,0,0
BRDA:11,58,1,0
BRDA:11,59,0,0
BRDA:11,59,1,0
BRDA:11,60,0,0
BRDA:11,60,1,0
BRDA:11,61,0,0
BRDA:11,61,1,0
BRDA:11,62,0,0
BRDA:11,62,1,0
BRDA:11,63,0,0
BRDA:11,63,1,0
BRDA:11,64,0,0
BRDA:11,64,1,0
BRDA:11,65,0,0
BRDA:11,65,1,0
BRDA:11,66,0,0
BRDA:11,66,1,0
BRDA:11,67,0,0
BRDA:11,67,1,0
BRDA:11,68,0,0
BRDA:11,68,1,0
BRDA:11,69,0,0
BRDA:11,69,1,0
BRDA:11,70,0,0
BRDA:11,70,1,0
BRDA:11,71,0,0
BRDA:11,71,1,0
BRDA:11,72,0,0
BRDA:11,72,1,0
BRDA:11,72,2,0
BRDA:11,73,0,0
BRDA:11,73,1,0
BRDA:11,73,2,0
BRDA:11,73,3,0
BRDA:11,73,4,0
BRDA:11,73,5,0
BRDA:11,74,0,0
BRDA:11,74,1,0
BRDA:11,75,0,0
BRDA:11,75,1,0
BRDA:11,76,0,0
BRDA:11,76,1,0
BRDA:11,77,0,0
BRDA:11,77,1,0
BRDA:11,78,0,0
BRDA:11,78,1,0
BRDA:11,79,0,0
BRDA:11,79,1,0
BRDA:11,80,0,0
BRDA:11,80,1,0
BRDA:11,80,2,0
BRDA:11,81,0,0
BRDA:11,81,1,0
BRDA:11,82,0,0
BRDA:11,82,1,0
BRDA:11,83,0,0
BRDA:11,83,1,0
BRDA:11,84,0,0
BRDA:11,84,1,0
BRDA:12,85,0,0
BRDA:12,85,1,0
BRDA:23,86,0,0
BRDA:23,86,1,0
BRDA:23,86,2,0
BRDA:23,86,3,0
BRDA:23,86,4,0
BRDA:54,87,0,0
BRDA:54,87,1,0
BRDA:54,87,2,0
BRDA:54,87,3,0
BRDA:54,87,4,0
BRDA:84,88,0,0
BRDA:84,88,1,0
BRDA:84,88,2,0
BRDA:84,88,3,0
BRDA:84,88,4,0
BRDA:111,89,0,0
BRDA:111,89,1,0
BRDA:111,89,2,0
BRDA:111,89,3,0
BRF:208
BRH:0
end_of_record
TN:
SF:dist\controllers\users.controller.js
FN:3,_typeof
FN:3,(anonymous_1)
FN:3,(anonymous_2)
FN:16,_interopRequireDefault
FN:17,_regeneratorRuntime
FN:17,_regeneratorRuntime
FN:17,(anonymous_6)
FN:17,define
FN:17,define
FN:17,wrap
FN:17,tryCatch
FN:17,Generator
FN:17,GeneratorFunction
FN:17,GeneratorFunctionPrototype
FN:17,(anonymous_14)
FN:17,defineIteratorMethods
FN:17,(anonymous_16)
FN:17,(anonymous_17)
FN:17,AsyncIterator
FN:17,invoke
FN:17,(anonymous_20)
FN:17,(anonymous_21)
FN:17,(anonymous_22)
FN:17,(anonymous_23)
FN:17,value
FN:17,callInvokeWithMethodAndArg
FN:17,(anonymous_26)
FN:17,makeInvokeMethod
FN:17,(anonymous_28)
FN:17,maybeInvokeDelegate
FN:17,pushTryEntry
FN:17,resetTryEntry
FN:17,Context
FN:17,values
FN:17,next
FN:17,doneResult
FN:17,(anonymous_36)
FN:17,(anonymous_37)
FN:17,(anonymous_38)
FN:17,(anonymous_39)
FN:17,(anonymous_40)
FN:17,(anonymous_41)
FN:17,(anonymous_42)
FN:17,(anonymous_43)
FN:17,(anonymous_44)
FN:17,next
FN:17,reset
FN:17,stop
FN:17,dispatchException
FN:17,handle
FN:17,abrupt
FN:17,complete
FN:17,finish
FN:17,_catch
FN:17,delegateYield
FN:18,asyncGeneratorStep
FN:19,_asyncToGenerator
FN:19,(anonymous_57)
FN:19,(anonymous_58)
FN:19,_next
FN:19,_throw
FN:22,generateToken
FN:26,(anonymous_62)
FN:27,_callee
FN:29,_callee$
FN:49,getUsersFromCRM
FN:54,(anonymous_66)
FN:55,_callee2
FN:57,_callee2$
FN:76,getUsers
FN:81,(anonymous_70)
FN:82,_callee4
FN:84,_callee4$
FN:102,(anonymous_73)
FN:103,_callee3
FN:104,_callee3$
FN:135,(anonymous_76)
FN:153,login
FN:160,(anonymous_78)
FN:161,_callee5
FN:163,_callee5$
FN:172,(anonymous_81)
FN:214,ValidateApiKey
FN:219,(anonymous_83)
FN:220,_callee6
FN:222,_callee6$
FN:307,register
FN:312,(anonymous_87)
FN:313,_callee7
FN:314,_callee7$
FN:329,test
FNF:91
FNH:0
FNDA:0,_typeof
FNDA:0,(anonymous_1)
FNDA:0,(anonymous_2)
FNDA:0,_interopRequireDefault
FNDA:0,_regeneratorRuntime
FNDA:0,_regeneratorRuntime
FNDA:0,(anonymous_6)
FNDA:0,define
FNDA:0,define
FNDA:0,wrap
FNDA:0,tryCatch
FNDA:0,Generator
FNDA:0,GeneratorFunction
FNDA:0,GeneratorFunctionPrototype
FNDA:0,(anonymous_14)
FNDA:0,defineIteratorMethods
FNDA:0,(anonymous_16)
FNDA:0,(anonymous_17)
FNDA:0,AsyncIterator
FNDA:0,invoke
FNDA:0,(anonymous_20)
FNDA:0,(anonymous_21)
FNDA:0,(anonymous_22)
FNDA:0,(anonymous_23)
FNDA:0,value
FNDA:0,callInvokeWithMethodAndArg
FNDA:0,(anonymous_26)
FNDA:0,makeInvokeMethod
FNDA:0,(anonymous_28)
FNDA:0,maybeInvokeDelegate
FNDA:0,pushTryEntry
FNDA:0,resetTryEntry
FNDA:0,Context
FNDA:0,values
FNDA:0,next
FNDA:0,doneResult
FNDA:0,(anonymous_36)
FNDA:0,(anonymous_37)
FNDA:0,(anonymous_38)
FNDA:0,(anonymous_39)
FNDA:0,(anonymous_40)
FNDA:0,(anonymous_41)
FNDA:0,(anonymous_42)
FNDA:0,(anonymous_43)
FNDA:0,(anonymous_44)
FNDA:0,next
FNDA:0,reset
FNDA:0,stop
FNDA:0,dispatchException
FNDA:0,handle
FNDA:0,abrupt
FNDA:0,complete
FNDA:0,finish
FNDA:0,_catch
FNDA:0,delegateYield
FNDA:0,asyncGeneratorStep
FNDA:0,_asyncToGenerator
FNDA:0,(anonymous_57)
FNDA:0,(anonymous_58)
FNDA:0,_next
FNDA:0,_throw
FNDA:0,generateToken
FNDA:0,(anonymous_62)
FNDA:0,_callee
FNDA:0,_callee$
FNDA:0,getUsersFromCRM
FNDA:0,(anonymous_66)
FNDA:0,_callee2
FNDA:0,_callee2$
FNDA:0,getUsers
FNDA:0,(anonymous_70)
FNDA:0,_callee4
FNDA:0,_callee4$
FNDA:0,(anonymous_73)
FNDA:0,_callee3
FNDA:0,_callee3$
FNDA:0,(anonymous_76)
FNDA:0,login
FNDA:0,(anonymous_78)
FNDA:0,_callee5
FNDA:0,_callee5$
FNDA:0,(anonymous_81)
FNDA:0,ValidateApiKey
FNDA:0,(anonymous_83)
FNDA:0,_callee6
FNDA:0,_callee6$
FNDA:0,register
FNDA:0,(anonymous_87)
FNDA:0,_callee7
FNDA:0,_callee7$
FNDA:0,test
DA:3,0
DA:4,0
DA:7,0
DA:8,0
DA:9,0
DA:10,0
DA:11,0
DA:12,0
DA:13,0
DA:14,0
DA:15,0
DA:16,0
DA:17,0
DA:18,0
DA:19,0
DA:20,0
DA:21,0
DA:23,0
DA:24,0
DA:26,0
DA:27,0
DA:29,0
DA:30,0
DA:32,0
DA:33,0
DA:34,0
DA:36,0
DA:37,0
DA:38,0
DA:40,0
DA:41,0
DA:42,0
DA:45,0
DA:49,0
DA:50,0
DA:53,0
DA:54,0
DA:55,0
DA:57,0
DA:58,0
DA:60,0
DA:61,0
DA:62,0
DA:64,0
DA:65,0
DA:67,0
DA:68,0
DA:69,0
DA:72,0
DA:76,0
DA:77,0
DA:80,0
DA:81,0
DA:82,0
DA:84,0
DA:85,0
DA:87,0
DA:88,0
DA:89,0
DA:90,0
DA:92,0
DA:93,0
DA:94,0
DA:95,0
DA:97,0
DA:102,0
DA:103,0
DA:104,0
DA:105,0
DA:107,0
DA:108,0
DA:109,0
DA:111,0
DA:112,0
DA:113,0
DA:115,0
DA:119,0
DA:120,0
DA:122,0
DA:126,0
DA:131,0
DA:135,0
DA:136,0
DA:139,0
DA:140,0
DA:142,0
DA:143,0
DA:144,0
DA:149,0
DA:153,0
DA:154,0
DA:159,0
DA:160,0
DA:161,0
DA:163,0
DA:164,0
DA:166,0
DA:167,0
DA:168,0
DA:169,0
DA:171,0
DA:172,0
DA:173,0
DA:175,0
DA:176,0
DA:177,0
DA:179,0
DA:180,0
DA:181,0
DA:182,0
DA:184,0
DA:185,0
DA:187,0
DA:188,0
DA:189,0
DA:191,0
DA:195,0
DA:199,0
DA:200,0
DA:202,0
DA:203,0
DA:204,0
DA:205,0
DA:210,0
DA:214,0
DA:215,0
DA:218,0
DA:219,0
DA:220,0
DA:222,0
DA:223,0
DA:225,0
DA:226,0
DA:227,0
DA:228,0
DA:230,0
DA:231,0
DA:232,0
DA:233,0
DA:235,0
DA:239,0
DA:240,0
DA:241,0
DA:243,0
DA:244,0
DA:245,0
DA:247,0
DA:248,0
DA:250,0
DA:251,0
DA:253,0
DA:254,0
DA:256,0
DA:257,0
DA:258,0
DA:260,0
DA:261,0
DA:269,0
DA:271,0
DA:278,0
DA:288,0
DA:289,0
DA:291,0
DA:295,0
DA:296,0
DA:297,0
DA:298,0
DA:303,0
DA:307,0
DA:308,0
DA:311,0
DA:312,0
DA:313,0
DA:314,0
DA:315,0
DA:317,0
DA:318,0
DA:320,0
DA:321,0
DA:322,0
DA:325,0
DA:329,0
DA:330,0
DA:333,0
DA:334,0
DA:335,0
LF:186
LH:0
BRDA:3,0,0,0
BRDA:3,0,1,0
BRDA:3,1,0,0
BRDA:3,1,1,0
BRDA:3,2,0,0
BRDA:3,2,1,0
BRDA:3,3,0,0
BRDA:3,3,1,0
BRDA:3,3,2,0
BRDA:3,3,3,0
BRDA:16,4,0,0
BRDA:16,4,1,0
BRDA:16,5,0,0
BRDA:16,5,1,0
BRDA:17,6,0,0
BRDA:17,6,1,0
BRDA:17,7,0,0
BRDA:17,7,1,0
BRDA:17,8,0,0
BRDA:17,8,1,0
BRDA:17,9,0,0
BRDA:17,9,1,0
BRDA:17,10,0,0
BRDA:17,10,1,0
BRDA:17,11,0,0
BRDA:17,11,1,0
BRDA:17,12,0,0
BRDA:17,12,1,0
BRDA:17,13,0,0
BRDA:17,13,1,0
BRDA:17,14,0,0
BRDA:17,14,1,0
BRDA:17,15,0,0
BRDA:17,15,1,0
BRDA:17,15,2,0
BRDA:17,15,3,0
BRDA:17,16,0,0
BRDA:17,16,1,0
BRDA:17,17,0,0
BRDA:17,17,1,0
BRDA:17,18,0,0
BRDA:17,18,1,0
BRDA:17,18,2,0
BRDA:17,19,0,0
BRDA:17,19,1,0
BRDA:17,20,0,0
BRDA:17,20,1,0
BRDA:17,21,0,0
BRDA:17,21,1,0
BRDA:17,22,0,0
BRDA:17,22,1,0
BRDA:17,23,0,0
BRDA:17,23,1,0
BRDA:17,24,0,0
BRDA:17,24,1,0
BRDA:17,25,0,0
BRDA:17,25,1,0
BRDA:17,26,0,0
BRDA:17,26,1,0
BRDA:17,27,0,0
BRDA:17,27,1,0
BRDA:17,28,0,0
BRDA:17,28,1,0
BRDA:17,29,0,0
BRDA:17,29,1,0
BRDA:17,30,0,0
BRDA:17,30,1,0
BRDA:17,31,0,0
BRDA:17,31,1,0
BRDA:17,32,0,0
BRDA:17,32,1,0
BRDA:17,33,0,0
BRDA:17,33,1,0
BRDA:17,34,0,0
BRDA:17,34,1,0
BRDA:17,35,0,0
BRDA:17,35,1,0
BRDA:17,35,2,0
BRDA:17,35,3,0
BRDA:17,35,4,0
BRDA:17,36,0,0
BRDA:17,36,1,0
BRDA:17,37,0,0
BRDA:17,37,1,0
BRDA:17,38,0,0
BRDA:17,38,1,0
BRDA:17,39,0,0
BRDA:17,39,1,0
BRDA:17,40,0,0
BRDA:17,40,1,0
BRDA:17,41,0,0
BRDA:17,41,1,0
BRDA:17,42,0,0
BRDA:17,42,1,0
BRDA:17,43,0,0
BRDA:17,43,1,0
BRDA:17,44,0,0
BRDA:17,44,1,0
BRDA:17,45,0,0
BRDA:17,45,1,0
BRDA:17,46,0,0
BRDA:17,46,1,0
BRDA:17,47,0,0
BRDA:17,47,1,0
BRDA:17,48,0,0
BRDA:17,48,1,0
BRDA:17,49,0,0
BRDA:17,49,1,0
BRDA:17,49,2,0
BRDA:17,50,0,0
BRDA:17,50,1,0
BRDA:17,51,0,0
BRDA:17,51,1,0
BRDA:17,52,0,0
BRDA:17,52,1,0
BRDA:17,53,0,0
BRDA:17,53,1,0
BRDA:17,54,0,0
BRDA:17,54,1,0
BRDA:17,55,0,0
BRDA:17,55,1,0
BRDA:17,56,0,0
BRDA:17,56,1,0
BRDA:17,57,0,0
BRDA:17,57,1,0
BRDA:17,57,2,0
BRDA:17,57,3,0
BRDA:17,58,0,0
BRDA:17,58,1,0
BRDA:17,59,0,0
BRDA:17,59,1,0
BRDA:17,60,0,0
BRDA:17,60,1,0
BRDA:17,61,0,0
BRDA:17,61,1,0
BRDA:17,62,0,0
BRDA:17,62,1,0
BRDA:17,63,0,0
BRDA:17,63,1,0
BRDA:17,64,0,0
BRDA:17,64,1,0
BRDA:17,65,0,0
BRDA:17,65,1,0
BRDA:17,66,0,0
BRDA:17,66,1,0
BRDA:17,67,0,0
BRDA:17,67,1,0
BRDA:17,68,0,0
BRDA:17,68,1,0
BRDA:17,69,0,0
BRDA:17,69,1,0
BRDA:17,70,0,0
BRDA:17,70,1,0
BRDA:17,71,0,0
BRDA:17,71,1,0
BRDA:17,72,0,0
BRDA:17,72,1,0
BRDA:17,72,2,0
BRDA:17,73,0,0
BRDA:17,73,1,0
BRDA:17,73,2,0
BRDA:17,73,3,0
BRDA:17,73,4,0
BRDA:17,73,5,0
BRDA:17,74,0,0
BRDA:17,74,1,0
BRDA:17,75,0,0
BRDA:17,75,1,0
BRDA:17,76,0,0
BRDA:17,76,1,0
BRDA:17,77,0,0
BRDA:17,77,1,0
BRDA:17,78,0,0
BRDA:17,78,1,0
BRDA:17,79,0,0
BRDA:17,79,1,0
BRDA:17,80,0,0
BRDA:17,80,1,0
BRDA:17,80,2,0
BRDA:17,81,0,0
BRDA:17,81,1,0
BRDA:17,82,0,0
BRDA:17,82,1,0
BRDA:17,83,0,0
BRDA:17,83,1,0
BRDA:17,84,0,0
BRDA:17,84,1,0
BRDA:18,85,0,0
BRDA:18,85,1,0
BRDA:30,86,0,0
BRDA:30,86,1,0
BRDA:30,86,2,0
BRDA:30,86,3,0
BRDA:30,86,4,0
BRDA:58,87,0,0
BRDA:58,87,1,0
BRDA:58,87,2,0
BRDA:58,87,3,0
BRDA:58,87,4,0
BRDA:85,88,0,0
BRDA:85,88,1,0
BRDA:85,88,2,0
BRDA:85,88,3,0
BRDA:85,88,4,0
BRDA:85,88,5,0
BRDA:93,89,0,0
BRDA:93,89,1,0
BRDA:105,90,0,0
BRDA:105,90,1,0
BRDA:105,90,2,0
BRDA:105,90,3,0
BRDA:105,90,4,0
BRDA:105,90,5,0
BRDA:107,91,0,0
BRDA:107,91,1,0
BRDA:111,92,0,0
BRDA:111,92,1,0
BRDA:111,93,0,0
BRDA:111,93,1,0
BRDA:164,94,0,0
BRDA:164,94,1,0
BRDA:164,94,2,0
BRDA:164,94,3,0
BRDA:164,94,4,0
BRDA:164,94,5,0
BRDA:164,94,6,0
BRDA:164,94,7,0
BRDA:164,94,8,0
BRDA:175,95,0,0
BRDA:175,95,1,0
BRDA:180,96,0,0
BRDA:180,96,1,0
BRDA:180,97,0,0
BRDA:180,97,1,0
BRDA:223,98,0,0
BRDA:223,98,1,0
BRDA:223,98,2,0
BRDA:223,98,3,0
BRDA:223,98,4,0
BRDA:223,98,5,0
BRDA:223,98,6,0
BRDA:223,98,7,0
BRDA:223,98,8,0
BRDA:223,98,9,0
BRDA:223,98,10,0
BRDA:223,98,11,0
BRDA:223,98,12,0
BRDA:231,99,0,0
BRDA:231,99,1,0
BRDA:239,100,0,0
BRDA:239,100,1,0
BRDA:251,101,0,0
BRDA:251,101,1,0
BRDA:315,102,0,0
BRDA:315,102,1,0
BRDA:315,102,2,0
BRDA:315,102,3,0
BRF:257
BRH:0
end_of_record
TN:
SF:dist\routes\commandes.routes.js
FN:3,_typeof
FN:3,(anonymous_1)
FN:3,(anonymous_2)
FN:11,_regeneratorRuntime
FN:11,_regeneratorRuntime
FN:11,(anonymous_5)
FN:11,define
FN:11,define
FN:11,wrap
FN:11,tryCatch
FN:11,Generator
FN:11,GeneratorFunction
FN:11,GeneratorFunctionPrototype
FN:11,(anonymous_13)
FN:11,defineIteratorMethods
FN:11,(anonymous_15)
FN:11,(anonymous_16)
FN:11,AsyncIterator
FN:11,invoke
FN:11,(anonymous_19)
FN:11,(anonymous_20)
FN:11,(anonymous_21)
FN:11,(anonymous_22)
FN:11,value
FN:11,callInvokeWithMethodAndArg
FN:11,(anonymous_25)
FN:11,makeInvokeMethod
FN:11,(anonymous_27)
FN:11,maybeInvokeDelegate
FN:11,pushTryEntry
FN:11,resetTryEntry
FN:11,Context
FN:11,values
FN:11,next
FN:11,doneResult
FN:11,(anonymous_35)
FN:11,(anonymous_36)
FN:11,(anonymous_37)
FN:11,(anonymous_38)
FN:11,(anonymous_39)
FN:11,(anonymous_40)
FN:11,(anonymous_41)
FN:11,(anonymous_42)
FN:11,(anonymous_43)
FN:11,next
FN:11,reset
FN:11,stop
FN:11,dispatchException
FN:11,handle
FN:11,abrupt
FN:11,complete
FN:11,finish
FN:11,_catch
FN:11,delegateYield
FN:12,asyncGeneratorStep
FN:13,_asyncToGenerator
FN:13,(anonymous_56)
FN:13,(anonymous_57)
FN:13,_next
FN:13,_throw
FN:15,(anonymous_60)
FN:16,_callee
FN:18,_callee$
FN:54,(anonymous_63)
FNF:64
FNH:0
FNDA:0,_typeof
FNDA:0,(anonymous_1)
FNDA:0,(anonymous_2)
FNDA:0,_regeneratorRuntime
FNDA:0,_regeneratorRuntime
FNDA:0,(anonymous_5)
FNDA:0,define
FNDA:0,define
FNDA:0,wrap
FNDA:0,tryCatch
FNDA:0,Generator
FNDA:0,GeneratorFunction
FNDA:0,GeneratorFunctionPrototype
FNDA:0,(anonymous_13)
FNDA:0,defineIteratorMethods
FNDA:0,(anonymous_15)
FNDA:0,(anonymous_16)
FNDA:0,AsyncIterator
FNDA:0,invoke
FNDA:0,(anonymous_19)
FNDA:0,(anonymous_20)
FNDA:0,(anonymous_21)
FNDA:0,(anonymous_22)
FNDA:0,value
FNDA:0,callInvokeWithMethodAndArg
FNDA:0,(anonymous_25)
FNDA:0,makeInvokeMethod
FNDA:0,(anonymous_27)
FNDA:0,maybeInvokeDelegate
FNDA:0,pushTryEntry
FNDA:0,resetTryEntry
FNDA:0,Context
FNDA:0,values
FNDA:0,next
FNDA:0,doneResult
FNDA:0,(anonymous_35)
FNDA:0,(anonymous_36)
FNDA:0,(anonymous_37)
FNDA:0,(anonymous_38)
FNDA:0,(anonymous_39)
FNDA:0,(anonymous_40)
FNDA:0,(anonymous_41)
FNDA:0,(anonymous_42)
FNDA:0,(anonymous_43)
FNDA:0,next
FNDA:0,reset
FNDA:0,stop
FNDA:0,dispatchException
FNDA:0,handle
FNDA:0,abrupt
FNDA:0,complete
FNDA:0,finish
FNDA:0,_catch
FNDA:0,delegateYield
FNDA:0,asyncGeneratorStep
FNDA:0,_asyncToGenerator
FNDA:0,(anonymous_56)
FNDA:0,(anonymous_57)
FNDA:0,_next
FNDA:0,_throw
FNDA:0,(anonymous_60)
FNDA:0,_callee
FNDA:0,_callee$
FNDA:0,(anonymous_63)
DA:3,0
DA:4,0
DA:7,0
DA:8,0
DA:9,0
DA:10,0
DA:11,0
DA:12,0
DA:13,0
DA:14,0
DA:15,0
DA:16,0
DA:18,0
DA:19,0
DA:21,0
DA:22,0
DA:23,0
DA:24,0
DA:26,0
DA:27,0
DA:28,0
DA:29,0
DA:31,0
DA:35,0
DA:36,0
DA:38,0
DA:40,0
DA:41,0
DA:42,0
DA:44,0
DA:45,0
DA:46,0
DA:47,0
DA:50,0
DA:54,0
DA:55,0
DA:58,0
DA:59,0
LF:38
LH:0
BRDA:3,0,0,0
BRDA:3,0,1,0
BRDA:3,1,0,0
BRDA:3,1,1,0
BRDA:3,2,0,0
BRDA:3,2,1,0
BRDA:3,3,0,0
BRDA:3,3,1,0
BRDA:3,3,2,0
BRDA:3,3,3,0
BRDA:11,4,0,0
BRDA:11,4,1,0
BRDA:11,5,0,0
BRDA:11,5,1,0
BRDA:11,6,0,0
BRDA:11,6,1,0
BRDA:11,7,0,0
BRDA:11,7,1,0
BRDA:11,8,0,0
BRDA:11,8,1,0
BRDA:11,9,0,0
BRDA:11,9,1,0
BRDA:11,10,0,0
BRDA:11,10,1,0
BRDA:11,11,0,0
BRDA:11,11,1,0
BRDA:11,12,0,0
BRDA:11,12,1,0
BRDA:11,13,0,0
BRDA:11,13,1,0
BRDA:11,13,2,0
BRDA:11,13,3,0
BRDA:11,14,0,0
BRDA:11,14,1,0
BRDA:11,15,0,0
BRDA:11,15,1,0
BRDA:11,16,0,0
BRDA:11,16,1,0
BRDA:11,16,2,0
BRDA:11,17,0,0
BRDA:11,17,1,0
BRDA:11,18,0,0
BRDA:11,18,1,0
BRDA:11,19,0,0
BRDA:11,19,1,0
BRDA:11,20,0,0
BRDA:11,20,1,0
BRDA:11,21,0,0
BRDA:11,21,1,0
BRDA:11,22,0,0
BRDA:11,22,1,0
BRDA:11,23,0,0
BRDA:11,23,1,0
BRDA:11,24,0,0
BRDA:11,24,1,0
BRDA:11,25,0,0
BRDA:11,25,1,0
BRDA:11,26,0,0
BRDA:11,26,1,0
BRDA:11,27,0,0
BRDA:11,27,1,0
BRDA:11,28,0,0
BRDA:11,28,1,0
BRDA:11,29,0,0
BRDA:11,29,1,0
BRDA:11,30,0,0
BRDA:11,30,1,0
BRDA:11,31,0,0
BRDA:11,31,1,0
BRDA:11,32,0,0
BRDA:11,32,1,0
BRDA:11,33,0,0
BRDA:11,33,1,0
BRDA:11,33,2,0
BRDA:11,33,3,0
BRDA:11,33,4,0
BRDA:11,34,0,0
BRDA:11,34,1,0
BRDA:11,35,0,0
BRDA:11,35,1,0
BRDA:11,36,0,0
BRDA:11,36,1,0
BRDA:11,37,0,0
BRDA:11,37,1,0
BRDA:11,38,0,0
BRDA:11,38,1,0
BRDA:11,39,0,0
BRDA:11,39,1,0
BRDA:11,40,0,0
BRDA:11,40,1,0
BRDA:11,41,0,0
BRDA:11,41,1,0
BRDA:11,42,0,0
BRDA:11,42,1,0
BRDA:11,43,0,0
BRDA:11,43,1,0
BRDA:11,44,0,0
BRDA:11,44,1,0
BRDA:11,45,0,0
BRDA:11,45,1,0
BRDA:11,46,0,0
BRDA:11,46,1,0
BRDA:11,47,0,0
BRDA:11,47,1,0
BRDA:11,47,2,0
BRDA:11,48,0,0
BRDA:11,48,1,0
BRDA:11,49,0,0
BRDA:11,49,1,0
BRDA:11,50,0,0
BRDA:11,50,1,0
BRDA:11,51,0,0
BRDA:11,51,1,0
BRDA:11,52,0,0
BRDA:11,52,1,0
BRDA:11,53,0,0
BRDA:11,53,1,0
BRDA:11,54,0,0
BRDA:11,54,1,0
BRDA:11,55,0,0
BRDA:11,55,1,0
BRDA:11,55,2,0
BRDA:11,55,3,0
BRDA:11,56,0,0
BRDA:11,56,1,0
BRDA:11,57,0,0
BRDA:11,57,1,0
BRDA:11,58,0,0
BRDA:11,58,1,0
BRDA:11,59,0,0
BRDA:11,59,1,0
BRDA:11,60,0,0
BRDA:11,60,1,0
BRDA:11,61,0,0
BRDA:11,61,1,0
BRDA:11,62,0,0
BRDA:11,62,1,0
BRDA:11,63,0,0
BRDA:11,63,1,0
BRDA:11,64,0,0
BRDA:11,64,1,0
BRDA:11,65,0,0
BRDA:11,65,1,0
BRDA:11,66,0,0
BRDA:11,66,1,0
BRDA:11,67,0,0
BRDA:11,67,1,0
BRDA:11,68,0,0
BRDA:11,68,1,0
BRDA:11,69,0,0
BRDA:11,69,1,0
BRDA:11,70,0,0
BRDA:11,70,1,0
BRDA:11,70,2,0
BRDA:11,71,0,0
BRDA:11,71,1,0
BRDA:11,71,2,0
BRDA:11,71,3,0
BRDA:11,71,4,0
BRDA:11,71,5,0
BRDA:11,72,0,0
BRDA:11,72,1,0
BRDA:11,73,0,0
BRDA:11,73,1,0
BRDA:11,74,0,0
BRDA:11,74,1,0
BRDA:11,75,0,0
BRDA:11,75,1,0
BRDA:11,76,0,0
BRDA:11,76,1,0
BRDA:11,77,0,0
BRDA:11,77,1,0
BRDA:11,78,0,0
BRDA:11,78,1,0
BRDA:11,78,2,0
BRDA:11,79,0,0
BRDA:11,79,1,0
BRDA:11,80,0,0
BRDA:11,80,1,0
BRDA:11,81,0,0
BRDA:11,81,1,0
BRDA:11,82,0,0
BRDA:11,82,1,0
BRDA:12,83,0,0
BRDA:12,83,1,0
BRDA:19,84,0,0
BRDA:19,84,1,0
BRDA:19,84,2,0
BRDA:19,84,3,0
BRDA:19,84,4,0
BRDA:19,84,5,0
BRDA:19,84,6,0
BRDA:27,85,0,0
BRDA:27,85,1,0
BRF:194
BRH:0
end_of_record
TN:
SF:dist\routes\index.js
FN:11,_interopRequireDefault
FNF:1
FNH:0
FNDA:0,_interopRequireDefault
DA:3,0
DA:6,0
DA:7,0
DA:8,0
DA:9,0
DA:10,0
DA:11,0
DA:12,0
DA:13,0
DA:14,0
DA:15,0
DA:16,0
DA:17,0
LF:13
LH:0
BRDA:11,0,0,0
BRDA:11,0,1,0
BRDA:11,1,0,0
BRDA:11,1,1,0
BRF:4
BRH:0
end_of_record
TN:
SF:dist\routes\produits.routes.js
FN:3,_typeof
FN:3,(anonymous_1)
FN:3,(anonymous_2)
FN:11,_regeneratorRuntime
FN:11,_regeneratorRuntime
FN:11,(anonymous_5)
FN:11,define
FN:11,define
FN:11,wrap
FN:11,tryCatch
FN:11,Generator
FN:11,GeneratorFunction
FN:11,GeneratorFunctionPrototype
FN:11,(anonymous_13)
FN:11,defineIteratorMethods
FN:11,(anonymous_15)
FN:11,(anonymous_16)
FN:11,AsyncIterator
FN:11,invoke
FN:11,(anonymous_19)
FN:11,(anonymous_20)
FN:11,(anonymous_21)
FN:11,(anonymous_22)
FN:11,value
FN:11,callInvokeWithMethodAndArg
FN:11,(anonymous_25)
FN:11,makeInvokeMethod
FN:11,(anonymous_27)
FN:11,maybeInvokeDelegate
FN:11,pushTryEntry
FN:11,resetTryEntry
FN:11,Context
FN:11,values
FN:11,next
FN:11,doneResult
FN:11,(anonymous_35)
FN:11,(anonymous_36)
FN:11,(anonymous_37)
FN:11,(anonymous_38)
FN:11,(anonymous_39)
FN:11,(anonymous_40)
FN:11,(anonymous_41)
FN:11,(anonymous_42)
FN:11,(anonymous_43)
FN:11,next
FN:11,reset
FN:11,stop
FN:11,dispatchException
FN:11,handle
FN:11,abrupt
FN:11,complete
FN:11,finish
FN:11,_catch
FN:11,delegateYield
FN:12,asyncGeneratorStep
FN:13,_asyncToGenerator
FN:13,(anonymous_56)
FN:13,(anonymous_57)
FN:13,_next
FN:13,_throw
FN:17,(anonymous_60)
FN:18,_callee
FN:20,_callee$
FN:58,(anonymous_63)
FN:64,(anonymous_64)
FN:65,_callee2
FN:67,_callee2$
FN:102,(anonymous_67)
FN:108,(anonymous_68)
FN:109,_callee3
FN:111,_callee3$
FN:148,(anonymous_71)
FNF:72
FNH:0
FNDA:0,_typeof
FNDA:0,(anonymous_1)
FNDA:0,(anonymous_2)
FNDA:0,_regeneratorRuntime
FNDA:0,_regeneratorRuntime
FNDA:0,(anonymous_5)
FNDA:0,define
FNDA:0,define
FNDA:0,wrap
FNDA:0,tryCatch
FNDA:0,Generator
FNDA:0,GeneratorFunction
FNDA:0,GeneratorFunctionPrototype
FNDA:0,(anonymous_13)
FNDA:0,defineIteratorMethods
FNDA:0,(anonymous_15)
FNDA:0,(anonymous_16)
FNDA:0,AsyncIterator
FNDA:0,invoke
FNDA:0,(anonymous_19)
FNDA:0,(anonymous_20)
FNDA:0,(anonymous_21)
FNDA:0,(anonymous_22)
FNDA:0,value
FNDA:0,callInvokeWithMethodAndArg
FNDA:0,(anonymous_25)
FNDA:0,makeInvokeMethod
FNDA:0,(anonymous_27)
FNDA:0,maybeInvokeDelegate
FNDA:0,pushTryEntry
FNDA:0,resetTryEntry
FNDA:0,Context
FNDA:0,values
FNDA:0,next
FNDA:0,doneResult
FNDA:0,(anonymous_35)
FNDA:0,(anonymous_36)
FNDA:0,(anonymous_37)
FNDA:0,(anonymous_38)
FNDA:0,(anonymous_39)
FNDA:0,(anonymous_40)
FNDA:0,(anonymous_41)
FNDA:0,(anonymous_42)
FNDA:0,(anonymous_43)
FNDA:0,next
FNDA:0,reset
FNDA:0,stop
FNDA:0,dispatchException
FNDA:0,handle
FNDA:0,abrupt
FNDA:0,complete
FNDA:0,finish
FNDA:0,_catch
FNDA:0,delegateYield
FNDA:0,asyncGeneratorStep
FNDA:0,_asyncToGenerator
FNDA:0,(anonymous_56)
FNDA:0,(anonymous_57)
FNDA:0,_next
FNDA:0,_throw
FNDA:0,(anonymous_60)
FNDA:0,_callee
FNDA:0,_callee$
FNDA:0,(anonymous_63)
FNDA:0,(anonymous_64)
FNDA:0,_callee2
FNDA:0,_callee2$
FNDA:0,(anonymous_67)
FNDA:0,(anonymous_68)
FNDA:0,_callee3
FNDA:0,_callee3$
FNDA:0,(anonymous_71)
DA:3,0
DA:4,0
DA:7,0
DA:8,0
DA:9,0
DA:10,0
DA:11,0
DA:12,0
DA:13,0
DA:14,0
DA:17,0
DA:18,0
DA:20,0
DA:21,0
DA:23,0
DA:24,0
DA:25,0
DA:26,0
DA:27,0
DA:28,0
DA:30,0
DA:31,0
DA:32,0
DA:33,0
DA:35,0
DA:39,0
DA:40,0
DA:42,0
DA:44,0
DA:45,0
DA:46,0
DA:48,0
DA:49,0
DA:50,0
DA:51,0
DA:54,0
DA:58,0
DA:59,0
DA:64,0
DA:65,0
DA:67,0
DA:68,0
DA:70,0
DA:71,0
DA:72,0
DA:74,0
DA:75,0
DA:76,0
DA:77,0
DA:79,0
DA:83,0
DA:84,0
DA:86,0
DA:88,0
DA:89,0
DA:90,0
DA:92,0
DA:93,0
DA:94,0
DA:95,0
DA:98,0
DA:102,0
DA:103,0
DA:108,0
DA:109,0
DA:111,0
DA:112,0
DA:114,0
DA:115,0
DA:116,0
DA:117,0
DA:118,0
DA:120,0
DA:121,0
DA:122,0
DA:123,0
DA:125,0
DA:129,0
DA:130,0
DA:132,0
DA:134,0
DA:135,0
DA:136,0
DA:138,0
DA:139,0
DA:140,0
DA:141,0
DA:144,0
DA:148,0
DA:149,0
DA:152,0
DA:153,0
LF:92
LH:0
BRDA:3,0,0,0
BRDA:3,0,1,0
BRDA:3,1,0,0
BRDA:3,1,1,0
BRDA:3,2,0,0
BRDA:3,2,1,0
BRDA:3,3,0,0
BRDA:3,3,1,0
BRDA:3,3,2,0
BRDA:3,3,3,0
BRDA:11,4,0,0
BRDA:11,4,1,0
BRDA:11,5,0,0
BRDA:11,5,1,0
BRDA:11,6,0,0
BRDA:11,6,1,0
BRDA:11,7,0,0
BRDA:11,7,1,0
BRDA:11,8,0,0
BRDA:11,8,1,0
BRDA:11,9,0,0
BRDA:11,9,1,0
BRDA:11,10,0,0
BRDA:11,10,1,0
BRDA:11,11,0,0
BRDA:11,11,1,0
BRDA:11,12,0,0
BRDA:11,12,1,0
BRDA:11,13,0,0
BRDA:11,13,1,0
BRDA:11,13,2,0
BRDA:11,13,3,0
BRDA:11,14,0,0
BRDA:11,14,1,0
BRDA:11,15,0,0
BRDA:11,15,1,0
BRDA:11,16,0,0
BRDA:11,16,1,0
BRDA:11,16,2,0
BRDA:11,17,0,0
BRDA:11,17,1,0
BRDA:11,18,0,0
BRDA:11,18,1,0
BRDA:11,19,0,0
BRDA:11,19,1,0
BRDA:11,20,0,0
BRDA:11,20,1,0
BRDA:11,21,0,0
BRDA:11,21,1,0
BRDA:11,22,0,0
BRDA:11,22,1,0
BRDA:11,23,0,0
BRDA:11,23,1,0
BRDA:11,24,0,0
BRDA:11,24,1,0
BRDA:11,25,0,0
BRDA:11,25,1,0
BRDA:11,26,0,0
BRDA:11,26,1,0
BRDA:11,27,0,0
BRDA:11,27,1,0
BRDA:11,28,0,0
BRDA:11,28,1,0
BRDA:11,29,0,0
BRDA:11,29,1,0
BRDA:11,30,0,0
BRDA:11,30,1,0
BRDA:11,31,0,0
BRDA:11,31,1,0
BRDA:11,32,0,0
BRDA:11,32,1,0
BRDA:11,33,0,0
BRDA:11,33,1,0
BRDA:11,33,2,0
BRDA:11,33,3,0
BRDA:11,33,4,0
BRDA:11,34,0,0
BRDA:11,34,1,0
BRDA:11,35,0,0
BRDA:11,35,1,0
BRDA:11,36,0,0
BRDA:11,36,1,0
BRDA:11,37,0,0
BRDA:11,37,1,0
BRDA:11,38,0,0
BRDA:11,38,1,0
BRDA:11,39,0,0
BRDA:11,39,1,0
BRDA:11,40,0,0
BRDA:11,40,1,0
BRDA:11,41,0,0
BRDA:11,41,1,0
BRDA:11,42,0,0
BRDA:11,42,1,0
BRDA:11,43,0,0
BRDA:11,43,1,0
BRDA:11,44,0,0
BRDA:11,44,1,0
BRDA:11,45,0,0
BRDA:11,45,1,0
BRDA:11,46,0,0
BRDA:11,46,1,0
BRDA:11,47,0,0
BRDA:11,47,1,0
BRDA:11,47,2,0
BRDA:11,48,0,0
BRDA:11,48,1,0
BRDA:11,49,0,0
BRDA:11,49,1,0
BRDA:11,50,0,0
BRDA:11,50,1,0
BRDA:11,51,0,0
BRDA:11,51,1,0
BRDA:11,52,0,0
BRDA:11,52,1,0
BRDA:11,53,0,0
BRDA:11,53,1,0
BRDA:11,54,0,0
BRDA:11,54,1,0
BRDA:11,55,0,0
BRDA:11,55,1,0
BRDA:11,55,2,0
BRDA:11,55,3,0
BRDA:11,56,0,0
BRDA:11,56,1,0
BRDA:11,57,0,0
BRDA:11,57,1,0
BRDA:11,58,0,0
BRDA:11,58,1,0
BRDA:11,59,0,0
BRDA:11,59,1,0
BRDA:11,60,0,0
BRDA:11,60,1,0
BRDA:11,61,0,0
BRDA:11,61,1,0
BRDA:11,62,0,0
BRDA:11,62,1,0
BRDA:11,63,0,0
BRDA:11,63,1,0
BRDA:11,64,0,0
BRDA:11,64,1,0
BRDA:11,65,0,0
BRDA:11,65,1,0
BRDA:11,66,0,0
BRDA:11,66,1,0
BRDA:11,67,0,0
BRDA:11,67,1,0
BRDA:11,68,0,0
BRDA:11,68,1,0
BRDA:11,69,0,0
BRDA:11,69,1,0
BRDA:11,70,0,0
BRDA:11,70,1,0
BRDA:11,70,2,0
BRDA:11,71,0,0
BRDA:11,71,1,0
BRDA:11,71,2,0
BRDA:11,71,3,0
BRDA:11,71,4,0
BRDA:11,71,5,0
BRDA:11,72,0,0
BRDA:11,72,1,0
BRDA:11,73,0,0
BRDA:11,73,1,0
BRDA:11,74,0,0
BRDA:11,74,1,0
BRDA:11,75,0,0
BRDA:11,75,1,0
BRDA:11,76,0,0
BRDA:11,76,1,0
BRDA:11,77,0,0
BRDA:11,77,1,0
BRDA:11,78,0,0
BRDA:11,78,1,0
BRDA:11,78,2,0
BRDA:11,79,0,0
BRDA:11,79,1,0
BRDA:11,80,0,0
BRDA:11,80,1,0
BRDA:11,81,0,0
BRDA:11,81,1,0
BRDA:11,82,0,0
BRDA:11,82,1,0
BRDA:12,83,0,0
BRDA:12,83,1,0
BRDA:21,84,0,0
BRDA:21,84,1,0
BRDA:21,84,2,0
BRDA:21,84,3,0
BRDA:21,84,4,0
BRDA:21,84,5,0
BRDA:21,84,6,0
BRDA:31,85,0,0
BRDA:31,85,1,0
BRDA:68,86,0,0
BRDA:68,86,1,0
BRDA:68,86,2,0
BRDA:68,86,3,0
BRDA:68,86,4,0
BRDA:68,86,5,0
BRDA:68,86,6,0
BRDA:75,87,0,0
BRDA:75,87,1,0
BRDA:112,88,0,0
BRDA:112,88,1,0
BRDA:112,88,2,0
BRDA:112,88,3,0
BRDA:112,88,4,0
BRDA:112,88,5,0
BRDA:112,88,6,0
BRDA:121,89,0,0
BRDA:121,89,1,0
BRF:212
BRH:0
end_of_record
TN:
SF:dist\routes\users.routes.js
FN:3,_typeof
FN:3,(anonymous_1)
FN:3,(anonymous_2)
FN:10,_regeneratorRuntime
FN:10,_regeneratorRuntime
FN:10,(anonymous_5)
FN:10,define
FN:10,define
FN:10,wrap
FN:10,tryCatch
FN:10,Generator
FN:10,GeneratorFunction
FN:10,GeneratorFunctionPrototype
FN:10,(anonymous_13)
FN:10,defineIteratorMethods
FN:10,(anonymous_15)
FN:10,(anonymous_16)
FN:10,AsyncIterator
FN:10,invoke
FN:10,(anonymous_19)
FN:10,(anonymous_20)
FN:10,(anonymous_21)
FN:10,(anonymous_22)
FN:10,value
FN:10,callInvokeWithMethodAndArg
FN:10,(anonymous_25)
FN:10,makeInvokeMethod
FN:10,(anonymous_27)
FN:10,maybeInvokeDelegate
FN:10,pushTryEntry
FN:10,resetTryEntry
FN:10,Context
FN:10,values
FN:10,next
FN:10,doneResult
FN:10,(anonymous_35)
FN:10,(anonymous_36)
FN:10,(anonymous_37)
FN:10,(anonymous_38)
FN:10,(anonymous_39)
FN:10,(anonymous_40)
FN:10,(anonymous_41)
FN:10,(anonymous_42)
FN:10,(anonymous_43)
FN:10,next
FN:10,reset
FN:10,stop
FN:10,dispatchException
FN:10,handle
FN:10,abrupt
FN:10,complete
FN:10,finish
FN:10,_catch
FN:10,delegateYield
FN:11,asyncGeneratorStep
FN:12,_asyncToGenerator
FN:12,(anonymous_56)
FN:12,(anonymous_57)
FN:12,_next
FN:12,_throw
FN:23,(anonymous_60)
FN:24,_callee
FN:26,_callee$
FN:49,(anonymous_63)
FNF:64
FNH:0
FNDA:0,_typeof
FNDA:0,(anonymous_1)
FNDA:0,(anonymous_2)
FNDA:0,_regeneratorRuntime
FNDA:0,_regeneratorRuntime
FNDA:0,(anonymous_5)
FNDA:0,define
FNDA:0,define
FNDA:0,wrap
FNDA:0,tryCatch
FNDA:0,Generator
FNDA:0,GeneratorFunction
FNDA:0,GeneratorFunctionPrototype
FNDA:0,(anonymous_13)
FNDA:0,defineIteratorMethods
FNDA:0,(anonymous_15)
FNDA:0,(anonymous_16)
FNDA:0,AsyncIterator
FNDA:0,invoke
FNDA:0,(anonymous_19)
FNDA:0,(anonymous_20)
FNDA:0,(anonymous_21)
FNDA:0,(anonymous_22)
FNDA:0,value
FNDA:0,callInvokeWithMethodAndArg
FNDA:0,(anonymous_25)
FNDA:0,makeInvokeMethod
FNDA:0,(anonymous_27)
FNDA:0,maybeInvokeDelegate
FNDA:0,pushTryEntry
FNDA:0,resetTryEntry
FNDA:0,Context
FNDA:0,values
FNDA:0,next
FNDA:0,doneResult
FNDA:0,(anonymous_35)
FNDA:0,(anonymous_36)
FNDA:0,(anonymous_37)
FNDA:0,(anonymous_38)
FNDA:0,(anonymous_39)
FNDA:0,(anonymous_40)
FNDA:0,(anonymous_41)
FNDA:0,(anonymous_42)
FNDA:0,(anonymous_43)
FNDA:0,next
FNDA:0,reset
FNDA:0,stop
FNDA:0,dispatchException
FNDA:0,handle
FNDA:0,abrupt
FNDA:0,complete
FNDA:0,finish
FNDA:0,_catch
FNDA:0,delegateYield
FNDA:0,asyncGeneratorStep
FNDA:0,_asyncToGenerator
FNDA:0,(anonymous_56)
FNDA:0,(anonymous_57)
FNDA:0,_next
FNDA:0,_throw
FNDA:0,(anonymous_60)
FNDA:0,_callee
FNDA:0,_callee$
FNDA:0,(anonymous_63)
DA:3,0
DA:4,0
DA:7,0
DA:8,0
DA:9,0
DA:10,0
DA:11,0
DA:12,0
DA:13,0
DA:16,0
DA:17,0
DA:18,0
DA:19,0
DA:20,0
DA:23,0
DA:24,0
DA:26,0
DA:27,0
DA:29,0
DA:30,0
DA:31,0
DA:33,0
DA:35,0
DA:36,0
DA:37,0
DA:39,0
DA:40,0
DA:41,0
DA:42,0
DA:45,0
DA:49,0
DA:50,0
DA:53,0
DA:54,0
LF:34
LH:0
BRDA:3,0,0,0
BRDA:3,0,1,0
BRDA:3,1,0,0
BRDA:3,1,1,0
BRDA:3,2,0,0
BRDA:3,2,1,0
BRDA:3,3,0,0
BRDA:3,3,1,0
BRDA:3,3,2,0
BRDA:3,3,3,0
BRDA:10,4,0,0
BRDA:10,4,1,0
BRDA:10,5,0,0
BRDA:10,5,1,0
BRDA:10,6,0,0
BRDA:10,6,1,0
BRDA:10,7,0,0
BRDA:10,7,1,0
BRDA:10,8,0,0
BRDA:10,8,1,0
BRDA:10,9,0,0
BRDA:10,9,1,0
BRDA:10,10,0,0
BRDA:10,10,1,0
BRDA:10,11,0,0
BRDA:10,11,1,0
BRDA:10,12,0,0
BRDA:10,12,1,0
BRDA:10,13,0,0
BRDA:10,13,1,0
BRDA:10,13,2,0
BRDA:10,13,3,0
BRDA:10,14,0,0
BRDA:10,14,1,0
BRDA:10,15,0,0
BRDA:10,15,1,0
BRDA:10,16,0,0
BRDA:10,16,1,0
BRDA:10,16,2,0
BRDA:10,17,0,0
BRDA:10,17,1,0
BRDA:10,18,0,0
BRDA:10,18,1,0
BRDA:10,19,0,0
BRDA:10,19,1,0
BRDA:10,20,0,0
BRDA:10,20,1,0
BRDA:10,21,0,0
BRDA:10,21,1,0
BRDA:10,22,0,0
BRDA:10,22,1,0
BRDA:10,23,0,0
BRDA:10,23,1,0
BRDA:10,24,0,0
BRDA:10,24,1,0
BRDA:10,25,0,0
BRDA:10,25,1,0
BRDA:10,26,0,0
BRDA:10,26,1,0
BRDA:10,27,0,0
BRDA:10,27,1,0
BRDA:10,28,0,0
BRDA:10,28,1,0
BRDA:10,29,0,0
BRDA:10,29,1,0
BRDA:10,30,0,0
BRDA:10,30,1,0
BRDA:10,31,0,0
BRDA:10,31,1,0
BRDA:10,32,0,0
BRDA:10,32,1,0
BRDA:10,33,0,0
BRDA:10,33,1,0
BRDA:10,33,2,0
BRDA:10,33,3,0
BRDA:10,33,4,0
BRDA:10,34,0,0
BRDA:10,34,1,0
BRDA:10,35,0,0
BRDA:10,35,1,0
BRDA:10,36,0,0
BRDA:10,36,1,0
BRDA:10,37,0,0
BRDA:10,37,1,0
BRDA:10,38,0,0
BRDA:10,38,1,0
BRDA:10,39,0,0
BRDA:10,39,1,0
BRDA:10,40,0,0
BRDA:10,40,1,0
BRDA:10,41,0,0
BRDA:10,41,1,0
BRDA:10,42,0,0
BRDA:10,42,1,0
BRDA:10,43,0,0
BRDA:10,43,1,0
BRDA:10,44,0,0
BRDA:10,44,1,0
BRDA:10,45,0,0
BRDA:10,45,1,0
BRDA:10,46,0,0
BRDA:10,46,1,0
BRDA:10,47,0,0
BRDA:10,47,1,0
BRDA:10,47,2,0
BRDA:10,48,0,0
BRDA:10,48,1,0
BRDA:10,49,0,0
BRDA:10,49,1,0
BRDA:10,50,0,0
BRDA:10,50,1,0
BRDA:10,51,0,0
BRDA:10,51,1,0
BRDA:10,52,0,0
BRDA:10,52,1,0
BRDA:10,53,0,0
BRDA:10,53,1,0
BRDA:10,54,0,0
BRDA:10,54,1,0
BRDA:10,55,0,0
BRDA:10,55,1,0
BRDA:10,55,2,0
BRDA:10,55,3,0
BRDA:10,56,0,0
BRDA:10,56,1,0
BRDA:10,57,0,0
BRDA:10,57,1,0
BRDA:10,58,0,0
BRDA:10,58,1,0
BRDA:10,59,0,0
BRDA:10,59,1,0
BRDA:10,60,0,0
BRDA:10,60,1,0
BRDA:10,61,0,0
BRDA:10,61,1,0
BRDA:10,62,0,0
BRDA:10,62,1,0
BRDA:10,63,0,0
BRDA:10,63,1,0
BRDA:10,64,0,0
BRDA:10,64,1,0
BRDA:10,65,0,0
BRDA:10,65,1,0
BRDA:10,66,0,0
BRDA:10,66,1,0
BRDA:10,67,0,0
BRDA:10,67,1,0
BRDA:10,68,0,0
BRDA:10,68,1,0
BRDA:10,69,0,0
BRDA:10,69,1,0
BRDA:10,70,0,0
BRDA:10,70,1,0
BRDA:10,70,2,0
BRDA:10,71,0,0
BRDA:10,71,1,0
BRDA:10,71,2,0
BRDA:10,71,3,0
BRDA:10,71,4,0
BRDA:10,71,5,0
BRDA:10,72,0,0
BRDA:10,72,1,0
BRDA:10,73,0,0
BRDA:10,73,1,0
BRDA:10,74,0,0
BRDA:10,74,1,0
BRDA:10,75,0,0
BRDA:10,75,1,0
BRDA:10,76,0,0
BRDA:10,76,1,0
BRDA:10,77,0,0
BRDA:10,77,1,0
BRDA:10,78,0,0
BRDA:10,78,1,0
BRDA:10,78,2,0
BRDA:10,79,0,0
BRDA:10,79,1,0
BRDA:10,80,0,0
BRDA:10,80,1,0
BRDA:10,81,0,0
BRDA:10,81,1,0
BRDA:10,82,0,0
BRDA:10,82,1,0
BRDA:11,83,0,0
BRDA:11,83,1,0
BRDA:27,84,0,0
BRDA:27,84,1,0
BRDA:27,84,2,0
BRDA:27,84,3,0
BRDA:27,84,4,0
BRF:190
BRH:0
end_of_record
TN:
SF:src\database.js
FNF:0
FNH:0
DA:4,0
DA:6,0
DA:14,0
LF:3
LH:0
BRF:0
BRH:0
end_of_record
TN:
SF:src\controllers\commandes.controller.js
FN:8,(anonymous_0)
FN:21,(anonymous_1)
FNF:2
FNH:0
FNDA:0,(anonymous_0)
FNDA:0,(anonymous_1)
DA:5,0
DA:8,0
DA:9,0
DA:11,0
DA:12,0
DA:14,0
DA:16,0
DA:21,0
DA:22,0
DA:23,0
DA:25,0
LF:11
LH:0
BRF:0
BRH:0
end_of_record
TN:
SF:src\controllers\produits.controller.js
FN:13,(anonymous_0)
FN:27,(anonymous_1)
FN:40,(anonymous_2)
FN:55,(anonymous_3)
FNF:4
FNH:0
FNDA:0,(anonymous_0)
FNDA:0,(anonymous_1)
FNDA:0,(anonymous_2)
FNDA:0,(anonymous_3)
DA:4,0
DA:13,0
DA:14,0
DA:16,0
DA:17,0
DA:19,0
DA:21,0
DA:27,0
DA:28,0
DA:30,0
DA:31,0
DA:33,0
DA:35,0
DA:40,0
DA:41,0
DA:43,0
DA:44,0
DA:46,0
DA:48,0
DA:55,0
DA:56,0
DA:57,0
DA:59,0
LF:23
LH:0
BRF:0
BRH:0
end_of_record
TN:
SF:src\controllers\users.controller.js
FN:16,generateToken
FN:23,(anonymous_1)
FN:36,(anonymous_2)
FN:50,(anonymous_3)
FN:62,(anonymous_4)
FN:90,(anonymous_5)
FN:96,(anonymous_6)
FN:120,(anonymous_7)
FN:195,(anonymous_8)
FNF:9
FNH:0
FNDA:0,generateToken
FNDA:0,(anonymous_1)
FNDA:0,(anonymous_2)
FNDA:0,(anonymous_3)
FNDA:0,(anonymous_4)
FNDA:0,(anonymous_5)
FNDA:0,(anonymous_6)
FNDA:0,(anonymous_7)
FNDA:0,(anonymous_8)
DA:12,0
DA:14,0
DA:17,0
DA:18,0
DA:23,0
DA:24,0
DA:26,0
DA:27,0
DA:29,0
DA:31,0
DA:36,0
DA:37,0
DA:38,0
DA:39,0
DA:41,0
DA:50,0
DA:51,0
DA:52,0
DA:54,0
DA:57,0
DA:58,0
DA:62,0
DA:63,0
DA:67,0
DA:68,0
DA:72,0
DA:74,0
DA:76,0
DA:82,0
DA:90,0
DA:91,0
DA:92,0
DA:94,0
DA:96,0
DA:98,0
DA:99,0
DA:100,0
DA:101,0
DA:104,0
DA:105,0
DA:107,0
DA:109,0
DA:112,0
DA:113,0
DA:120,0
DA:121,0
DA:122,0
DA:125,0
DA:126,0
DA:127,0
DA:131,0
DA:132,0
DA:134,0
DA:135,0
DA:138,0
DA:141,0
DA:144,0
DA:153,0
DA:163,0
DA:185,0
DA:187,0
DA:189,0
DA:190,0
DA:195,0
DA:196,0
DA:197,0
DA:199,0
LF:67
LH:0
BRDA:57,0,0,0
BRDA:57,0,1,0
BRDA:63,1,0,0
BRDA:63,1,1,0
BRDA:67,2,0,0
BRDA:67,2,1,0
BRDA:67,3,0,0
BRDA:67,3,1,0
BRDA:98,4,0,0
BRDA:98,4,1,0
BRDA:100,5,0,0
BRDA:100,5,1,0
BRDA:100,6,0,0
BRDA:100,6,1,0
BRDA:126,7,0,0
BRDA:126,7,1,0
BRDA:131,8,0,0
BRDA:131,8,1,0
BRDA:135,9,0,0
BRDA:135,9,1,0
BRF:20
BRH:0
end_of_record
TN:
SF:src\routes\commandes.routes.js
FN:7,(anonymous_0)
FNF:1
FNH:0
FNDA:0,(anonymous_0)
DA:4,0
DA:7,0
DA:8,0
DA:10,0
DA:12,0
DA:13,0
DA:14,0
DA:18,0
DA:20,0
DA:22,0
DA:23,0
LF:11
LH:0
BRDA:13,0,0,0
BRDA:13,0,1,0
BRF:2
BRH:0
end_of_record
TN:
SF:src\routes\index.js
FNF:0
FNH:0
DA:6,0
DA:8,0
DA:9,0
DA:10,0
LF:4
LH:0
BRF:0
BRH:0
end_of_record
TN:
SF:src\routes\produits.routes.js
FN:7,(anonymous_0)
FN:30,(anonymous_1)
FN:51,(anonymous_2)
FNF:3
FNH:0
FNDA:0,(anonymous_0)
FNDA:0,(anonymous_1)
FNDA:0,(anonymous_2)
DA:4,0
DA:7,0
DA:8,0
DA:9,0
DA:10,0
DA:12,0
DA:14,0
DA:15,0
DA:16,0
DA:19,0
DA:21,0
DA:23,0
DA:24,0
DA:30,0
DA:31,0
DA:34,0
DA:35,0
DA:36,0
DA:40,0
DA:42,0
DA:44,0
DA:45,0
DA:51,0
DA:52,0
DA:53,0
DA:54,0
DA:56,0
DA:57,0
DA:58,0
DA:63,0
DA:65,0
DA:67,0
DA:68,0
LF:33
LH:0
BRDA:15,0,0,0
BRDA:15,0,1,0
BRDA:35,1,0,0
BRDA:35,1,1,0
BRDA:57,2,0,0
BRDA:57,2,1,0
BRF:6
BRH:0
end_of_record
TN:
SF:src\routes\users.routes.js
FN:13,(anonymous_0)
FNF:1
FNH:0
FNDA:0,(anonymous_0)
DA:3,0
DA:6,0
DA:7,0
DA:8,0
DA:9,0
DA:10,0
DA:13,0
DA:14,0
DA:16,0
DA:18,0
DA:20,0
DA:21,0
LF:12
LH:0
BRF:0
BRH:0
end_of_record
